  源.cpp
c:\users\13978\desktop\yaogit666\最长递增子序列个数\最长递增子序列个数\源.cpp(3): error C2061: 语法错误: 标识符“vector”
c:\users\13978\desktop\yaogit666\最长递增子序列个数\最长递增子序列个数\源.cpp(4): error C2065: “nums”: 未声明的标识符
c:\users\13978\desktop\yaogit666\最长递增子序列个数\最长递增子序列个数\源.cpp(6): error C2065: “vector”: 未声明的标识符
c:\users\13978\desktop\yaogit666\最长递增子序列个数\最长递增子序列个数\源.cpp(6): error C2065: “pair”: 未声明的标识符
c:\users\13978\desktop\yaogit666\最长递增子序列个数\最长递增子序列个数\源.cpp(6): error C2062: 意外的类型“int”
c:\users\13978\desktop\yaogit666\最长递增子序列个数\最长递增子序列个数\源.cpp(6): error C2143: 语法错误: 缺少“;”(在“{”的前面)
c:\users\13978\desktop\yaogit666\最长递增子序列个数\最长递增子序列个数\源.cpp(6): error C2143: 语法错误: 缺少“;”(在“}”的前面)
c:\users\13978\desktop\yaogit666\最长递增子序列个数\最长递增子序列个数\源.cpp(6): error C2059: 语法错误:“)”
c:\users\13978\desktop\yaogit666\最长递增子序列个数\最长递增子序列个数\源.cpp(8): error C2065: “nums”: 未声明的标识符
c:\users\13978\desktop\yaogit666\最长递增子序列个数\最长递增子序列个数\源.cpp(12): error C2065: “nums”: 未声明的标识符
c:\users\13978\desktop\yaogit666\最长递增子序列个数\最长递增子序列个数\源.cpp(14): error C2065: “v”: 未声明的标识符
c:\users\13978\desktop\yaogit666\最长递增子序列个数\最长递增子序列个数\源.cpp(16): error C2065: “v”: 未声明的标识符
c:\users\13978\desktop\yaogit666\最长递增子序列个数\最长递增子序列个数\源.cpp(18): error C2065: “v”: 未声明的标识符
c:\users\13978\desktop\yaogit666\最长递增子序列个数\最长递增子序列个数\源.cpp(20): error C2065: “v”: 未声明的标识符
c:\users\13978\desktop\yaogit666\最长递增子序列个数\最长递增子序列个数\源.cpp(24): error C2065: “v”: 未声明的标识符
c:\users\13978\desktop\yaogit666\最长递增子序列个数\最长递增子序列个数\源.cpp(24): error C3861: “max”: 找不到标识符
c:\users\13978\desktop\yaogit666\最长递增子序列个数\最长递增子序列个数\源.cpp(27): error C2065: “v”: 未声明的标识符
c:\users\13978\desktop\yaogit666\最长递增子序列个数\最长递增子序列个数\源.cpp(29): error C2065: “v”: 未声明的标识符
c:\users\13978\desktop\yaogit666\最长递增子序列个数\最长递增子序列个数\源.cpp(30): error C2065: “v”: 未声明的标识符
