  源.cpp
c:\users\13978\desktop\yaogit666\对称的二叉树\对称的二叉树\源.cpp(12): error C2061: 语法错误: 标识符“TreeNode”
c:\users\13978\desktop\yaogit666\对称的二叉树\对称的二叉树\源.cpp(19): error C2061: 语法错误: 标识符“TreeNode”
c:\users\13978\desktop\yaogit666\对称的二叉树\对称的二叉树\源.cpp(14): error C2065: “root”: 未声明的标识符
c:\users\13978\desktop\yaogit666\对称的二叉树\对称的二叉树\源.cpp(14): error C2065: “NULL”: 未声明的标识符
c:\users\13978\desktop\yaogit666\对称的二叉树\对称的二叉树\源.cpp(15): error C2065: “root”: 未声明的标识符
c:\users\13978\desktop\yaogit666\对称的二叉树\对称的二叉树\源.cpp(15): error C2660: “Solution::helper”: 函数不接受 1 个参数
  c:\users\13978\desktop\yaogit666\对称的二叉树\对称的二叉树\源.cpp(19): note: 参见“Solution::helper”的声明
c:\users\13978\desktop\yaogit666\对称的二叉树\对称的二叉树\源.cpp(21): error C2065: “l”: 未声明的标识符
c:\users\13978\desktop\yaogit666\对称的二叉树\对称的二叉树\源.cpp(21): error C2065: “NULL”: 未声明的标识符
c:\users\13978\desktop\yaogit666\对称的二叉树\对称的二叉树\源.cpp(21): error C2065: “r”: 未声明的标识符
c:\users\13978\desktop\yaogit666\对称的二叉树\对称的二叉树\源.cpp(23): error C2065: “l”: 未声明的标识符
c:\users\13978\desktop\yaogit666\对称的二叉树\对称的二叉树\源.cpp(23): error C2065: “NULL”: 未声明的标识符
c:\users\13978\desktop\yaogit666\对称的二叉树\对称的二叉树\源.cpp(23): error C2065: “r”: 未声明的标识符
c:\users\13978\desktop\yaogit666\对称的二叉树\对称的二叉树\源.cpp(25): error C2065: “l”: 未声明的标识符
c:\users\13978\desktop\yaogit666\对称的二叉树\对称的二叉树\源.cpp(25): error C2065: “r”: 未声明的标识符
c:\users\13978\desktop\yaogit666\对称的二叉树\对称的二叉树\源.cpp(28): error C2065: “l”: 未声明的标识符
c:\users\13978\desktop\yaogit666\对称的二叉树\对称的二叉树\源.cpp(28): error C2065: “r”: 未声明的标识符
c:\users\13978\desktop\yaogit666\对称的二叉树\对称的二叉树\源.cpp(28): error C2660: “Solution::helper”: 函数不接受 1 个参数
  c:\users\13978\desktop\yaogit666\对称的二叉树\对称的二叉树\源.cpp(19): note: 参见“Solution::helper”的声明
