  源.cpp
c:\users\13978\desktop\yaogit666\腐烂的橘子\腐烂的橘子\源.cpp(3): error C2061: 语法错误: 标识符“vector”
c:\users\13978\desktop\yaogit666\腐烂的橘子\腐烂的橘子\源.cpp(6): error C2065: “queue”: 未声明的标识符
c:\users\13978\desktop\yaogit666\腐烂的橘子\腐烂的橘子\源.cpp(6): error C2065: “pair”: 未声明的标识符
c:\users\13978\desktop\yaogit666\腐烂的橘子\腐烂的橘子\源.cpp(6): error C2062: 意外的类型“int”
c:\users\13978\desktop\yaogit666\腐烂的橘子\腐烂的橘子\源.cpp(7): error C2065: “grid”: 未声明的标识符
c:\users\13978\desktop\yaogit666\腐烂的橘子\腐烂的橘子\源.cpp(9): error C2065: “grid”: 未声明的标识符
c:\users\13978\desktop\yaogit666\腐烂的橘子\腐烂的橘子\源.cpp(11): error C2065: “grid”: 未声明的标识符
c:\users\13978\desktop\yaogit666\腐烂的橘子\腐烂的橘子\源.cpp(15): error C2065: “grid”: 未声明的标识符
c:\users\13978\desktop\yaogit666\腐烂的橘子\腐烂的橘子\源.cpp(17): error C2065: “q”: 未声明的标识符
c:\users\13978\desktop\yaogit666\腐烂的橘子\腐烂的橘子\源.cpp(21): error C2065: “vector”: 未声明的标识符
c:\users\13978\desktop\yaogit666\腐烂的橘子\腐烂的橘子\源.cpp(21): error C2065: “pair”: 未声明的标识符
c:\users\13978\desktop\yaogit666\腐烂的橘子\腐烂的橘子\源.cpp(21): error C2062: 意外的类型“int”
c:\users\13978\desktop\yaogit666\腐烂的橘子\腐烂的橘子\源.cpp(21): error C2143: 语法错误: 缺少“;”(在“{”的前面)
c:\users\13978\desktop\yaogit666\腐烂的橘子\腐烂的橘子\源.cpp(21): error C2143: 语法错误: 缺少“;”(在“}”的前面)
c:\users\13978\desktop\yaogit666\腐烂的橘子\腐烂的橘子\源.cpp(21): error C2059: 语法错误:“,”
c:\users\13978\desktop\yaogit666\腐烂的橘子\腐烂的橘子\源.cpp(22): error C2059: 语法错误:“while”
c:\users\13978\desktop\yaogit666\腐烂的橘子\腐烂的橘子\源.cpp(23): error C2143: 语法错误: 缺少“;”(在“{”的前面)
c:\users\13978\desktop\yaogit666\腐烂的橘子\腐烂的橘子\源.cpp(23): error C2447: “{”: 缺少函数标题(是否是老式的形式表?)
c:\users\13978\desktop\yaogit666\腐烂的橘子\腐烂的橘子\源.cpp(48): error C2059: 语法错误:“if”
c:\users\13978\desktop\yaogit666\腐烂的橘子\腐烂的橘子\源.cpp(50): error C2059: 语法错误:“else”
c:\users\13978\desktop\yaogit666\腐烂的橘子\腐烂的橘子\源.cpp(52): error C2059: 语法错误:“}”
c:\users\13978\desktop\yaogit666\腐烂的橘子\腐烂的橘子\源.cpp(52): error C2143: 语法错误: 缺少“;”(在“}”的前面)
