  源.cpp
c:\users\13978\desktop\yaogit666\二叉树中和为某值的路径\二叉树中和为某值的路径\源.cpp(12): error C2143: 语法错误: 缺少“;”(在“<”的前面)
c:\users\13978\desktop\yaogit666\二叉树中和为某值的路径\二叉树中和为某值的路径\源.cpp(12): error C4430: 缺少类型说明符 - 假定为 int。注意: C++ 不支持默认 int
c:\users\13978\desktop\yaogit666\二叉树中和为某值的路径\二叉树中和为某值的路径\源.cpp(12): error C2238: 意外的标记位于“;”之前
c:\users\13978\desktop\yaogit666\二叉树中和为某值的路径\二叉树中和为某值的路径\源.cpp(13): error C2143: 语法错误: 缺少“;”(在“<”的前面)
c:\users\13978\desktop\yaogit666\二叉树中和为某值的路径\二叉树中和为某值的路径\源.cpp(13): error C4430: 缺少类型说明符 - 假定为 int。注意: C++ 不支持默认 int
c:\users\13978\desktop\yaogit666\二叉树中和为某值的路径\二叉树中和为某值的路径\源.cpp(13): error C2334: “{”的前面有意外标记；跳过明显的函数体
c:\users\13978\desktop\yaogit666\二叉树中和为某值的路径\二叉树中和为某值的路径\源.cpp(20): error C2061: 语法错误: 标识符“vector”
c:\users\13978\desktop\yaogit666\二叉树中和为某值的路径\二叉树中和为某值的路径\源.cpp(22): error C2065: “sum”: 未声明的标识符
c:\users\13978\desktop\yaogit666\二叉树中和为某值的路径\二叉树中和为某值的路径\源.cpp(22): error C2065: “root”: 未声明的标识符
c:\users\13978\desktop\yaogit666\二叉树中和为某值的路径\二叉树中和为某值的路径\源.cpp(23): error C2065: “path”: 未声明的标识符
c:\users\13978\desktop\yaogit666\二叉树中和为某值的路径\二叉树中和为某值的路径\源.cpp(23): error C2065: “root”: 未声明的标识符
c:\users\13978\desktop\yaogit666\二叉树中和为某值的路径\二叉树中和为某值的路径\源.cpp(24): error C2065: “sum”: 未声明的标识符
c:\users\13978\desktop\yaogit666\二叉树中和为某值的路径\二叉树中和为某值的路径\源.cpp(24): error C2065: “root”: 未声明的标识符
c:\users\13978\desktop\yaogit666\二叉树中和为某值的路径\二叉树中和为某值的路径\源.cpp(24): error C2065: “NULL”: 未声明的标识符
c:\users\13978\desktop\yaogit666\二叉树中和为某值的路径\二叉树中和为某值的路径\源.cpp(26): error C2065: “res”: 未声明的标识符
c:\users\13978\desktop\yaogit666\二叉树中和为某值的路径\二叉树中和为某值的路径\源.cpp(26): error C2065: “path”: 未声明的标识符
c:\users\13978\desktop\yaogit666\二叉树中和为某值的路径\二叉树中和为某值的路径\源.cpp(28): error C2065: “root”: 未声明的标识符
c:\users\13978\desktop\yaogit666\二叉树中和为某值的路径\二叉树中和为某值的路径\源.cpp(28): error C2065: “NULL”: 未声明的标识符
c:\users\13978\desktop\yaogit666\二叉树中和为某值的路径\二叉树中和为某值的路径\源.cpp(30): error C2065: “path”: 未声明的标识符
c:\users\13978\desktop\yaogit666\二叉树中和为某值的路径\二叉树中和为某值的路径\源.cpp(30): error C2065: “root”: 未声明的标识符
c:\users\13978\desktop\yaogit666\二叉树中和为某值的路径\二叉树中和为某值的路径\源.cpp(30): error C2065: “sum”: 未声明的标识符
c:\users\13978\desktop\yaogit666\二叉树中和为某值的路径\二叉树中和为某值的路径\源.cpp(32): error C2065: “root”: 未声明的标识符
c:\users\13978\desktop\yaogit666\二叉树中和为某值的路径\二叉树中和为某值的路径\源.cpp(32): error C2065: “NULL”: 未声明的标识符
c:\users\13978\desktop\yaogit666\二叉树中和为某值的路径\二叉树中和为某值的路径\源.cpp(34): error C2065: “path”: 未声明的标识符
c:\users\13978\desktop\yaogit666\二叉树中和为某值的路径\二叉树中和为某值的路径\源.cpp(34): error C2065: “root”: 未声明的标识符
c:\users\13978\desktop\yaogit666\二叉树中和为某值的路径\二叉树中和为某值的路径\源.cpp(34): error C2065: “sum”: 未声明的标识符
c:\users\13978\desktop\yaogit666\二叉树中和为某值的路径\二叉树中和为某值的路径\源.cpp(36): error C2065: “path”: 未声明的标识符
c:\users\13978\desktop\yaogit666\二叉树中和为某值的路径\二叉树中和为某值的路径\源.cpp(37): error C2065: “sum”: 未声明的标识符
c:\users\13978\desktop\yaogit666\二叉树中和为某值的路径\二叉树中和为某值的路径\源.cpp(37): error C2065: “root”: 未声明的标识符
