  源.cpp
c:\users\13978\desktop\yaogit666\有重复的字符串排列组合\有重复的字符串排列组合\源.cpp(3): error C2143: 语法错误: 缺少“;”(在“<”的前面)
c:\users\13978\desktop\yaogit666\有重复的字符串排列组合\有重复的字符串排列组合\源.cpp(3): error C4430: 缺少类型说明符 - 假定为 int。注意: C++ 不支持默认 int
c:\users\13978\desktop\yaogit666\有重复的字符串排列组合\有重复的字符串排列组合\源.cpp(3): error C2238: 意外的标记位于“;”之前
c:\users\13978\desktop\yaogit666\有重复的字符串排列组合\有重复的字符串排列组合\源.cpp(4): error C2143: 语法错误: 缺少“;”(在“<”的前面)
c:\users\13978\desktop\yaogit666\有重复的字符串排列组合\有重复的字符串排列组合\源.cpp(4): error C4430: 缺少类型说明符 - 假定为 int。注意: C++ 不支持默认 int
c:\users\13978\desktop\yaogit666\有重复的字符串排列组合\有重复的字符串排列组合\源.cpp(4): error C2334: “{”的前面有意外标记；跳过明显的函数体
c:\users\13978\desktop\yaogit666\有重复的字符串排列组合\有重复的字符串排列组合\源.cpp(14): error C2061: 语法错误: 标识符“string”
c:\users\13978\desktop\yaogit666\有重复的字符串排列组合\有重复的字符串排列组合\源.cpp(16): error C2065: “s”: 未声明的标识符
c:\users\13978\desktop\yaogit666\有重复的字符串排列组合\有重复的字符串排列组合\源.cpp(16): error C2065: “S”: 未声明的标识符
c:\users\13978\desktop\yaogit666\有重复的字符串排列组合\有重复的字符串排列组合\源.cpp(17): error C2065: “res”: 未声明的标识符
c:\users\13978\desktop\yaogit666\有重复的字符串排列组合\有重复的字符串排列组合\源.cpp(17): error C2065: “s”: 未声明的标识符
c:\users\13978\desktop\yaogit666\有重复的字符串排列组合\有重复的字符串排列组合\源.cpp(18): error C2065: “S”: 未声明的标识符
c:\users\13978\desktop\yaogit666\有重复的字符串排列组合\有重复的字符串排列组合\源.cpp(20): error C2065: “v”: 未声明的标识符
c:\users\13978\desktop\yaogit666\有重复的字符串排列组合\有重复的字符串排列组合\源.cpp(22): error C2065: “S”: 未声明的标识符
c:\users\13978\desktop\yaogit666\有重复的字符串排列组合\有重复的字符串排列组合\源.cpp(22): error C2065: “v”: 未声明的标识符
c:\users\13978\desktop\yaogit666\有重复的字符串排列组合\有重复的字符串排列组合\源.cpp(26): error C2065: “s”: 未声明的标识符
c:\users\13978\desktop\yaogit666\有重复的字符串排列组合\有重复的字符串排列组合\源.cpp(26): error C2065: “S”: 未声明的标识符
c:\users\13978\desktop\yaogit666\有重复的字符串排列组合\有重复的字符串排列组合\源.cpp(27): error C2065: “v”: 未声明的标识符
c:\users\13978\desktop\yaogit666\有重复的字符串排列组合\有重复的字符串排列组合\源.cpp(28): error C2065: “S”: 未声明的标识符
c:\users\13978\desktop\yaogit666\有重复的字符串排列组合\有重复的字符串排列组合\源.cpp(28): error C2065: “s”: 未声明的标识符
c:\users\13978\desktop\yaogit666\有重复的字符串排列组合\有重复的字符串排列组合\源.cpp(28): error C2065: “v”: 未声明的标识符
c:\users\13978\desktop\yaogit666\有重复的字符串排列组合\有重复的字符串排列组合\源.cpp(29): error C2065: “s”: 未声明的标识符
c:\users\13978\desktop\yaogit666\有重复的字符串排列组合\有重复的字符串排列组合\源.cpp(30): error C2065: “v”: 未声明的标识符
