  源.cpp
c:\users\13978\desktop\yaogit666\二叉搜索树的后序遍历序列\二叉搜索树的后序遍历序列\源.cpp(3): error C2061: 语法错误: 标识符“vector”
c:\users\13978\desktop\yaogit666\二叉搜索树的后序遍历序列\二叉搜索树的后序遍历序列\源.cpp(11): error C2061: 语法错误: 标识符“vector”
c:\users\13978\desktop\yaogit666\二叉搜索树的后序遍历序列\二叉搜索树的后序遍历序列\源.cpp(5): error C2065: “postorder”: 未声明的标识符
c:\users\13978\desktop\yaogit666\二叉搜索树的后序遍历序列\二叉搜索树的后序遍历序列\源.cpp(7): error C2065: “postorder”: 未声明的标识符
c:\users\13978\desktop\yaogit666\二叉搜索树的后序遍历序列\二叉搜索树的后序遍历序列\源.cpp(13): error C2065: “postorder”: 未声明的标识符
c:\users\13978\desktop\yaogit666\二叉搜索树的后序遍历序列\二叉搜索树的后序遍历序列\源.cpp(13): error C2065: “start”: 未声明的标识符
c:\users\13978\desktop\yaogit666\二叉搜索树的后序遍历序列\二叉搜索树的后序遍历序列\源.cpp(13): error C2065: “end”: 未声明的标识符
c:\users\13978\desktop\yaogit666\二叉搜索树的后序遍历序列\二叉搜索树的后序遍历序列\源.cpp(15): error C2065: “postorder”: 未声明的标识符
c:\users\13978\desktop\yaogit666\二叉搜索树的后序遍历序列\二叉搜索树的后序遍历序列\源.cpp(15): error C2065: “end”: 未声明的标识符
c:\users\13978\desktop\yaogit666\二叉搜索树的后序遍历序列\二叉搜索树的后序遍历序列\源.cpp(16): error C2065: “start”: 未声明的标识符
c:\users\13978\desktop\yaogit666\二叉搜索树的后序遍历序列\二叉搜索树的后序遍历序列\源.cpp(17): error C2065: “end”: 未声明的标识符
c:\users\13978\desktop\yaogit666\二叉搜索树的后序遍历序列\二叉搜索树的后序遍历序列\源.cpp(19): error C2065: “postorder”: 未声明的标识符
c:\users\13978\desktop\yaogit666\二叉搜索树的后序遍历序列\二叉搜索树的后序遍历序列\源.cpp(22): error C2065: “end”: 未声明的标识符
c:\users\13978\desktop\yaogit666\二叉搜索树的后序遍历序列\二叉搜索树的后序遍历序列\源.cpp(24): error C2065: “postorder”: 未声明的标识符
c:\users\13978\desktop\yaogit666\二叉搜索树的后序遍历序列\二叉搜索树的后序遍历序列\源.cpp(28): error C2065: “start”: 未声明的标识符
c:\users\13978\desktop\yaogit666\二叉搜索树的后序遍历序列\二叉搜索树的后序遍历序列\源.cpp(30): error C2065: “postorder”: 未声明的标识符
c:\users\13978\desktop\yaogit666\二叉搜索树的后序遍历序列\二叉搜索树的后序遍历序列\源.cpp(30): error C2065: “start”: 未声明的标识符
c:\users\13978\desktop\yaogit666\二叉搜索树的后序遍历序列\二叉搜索树的后序遍历序列\源.cpp(33): error C2065: “end”: 未声明的标识符
c:\users\13978\desktop\yaogit666\二叉搜索树的后序遍历序列\二叉搜索树的后序遍历序列\源.cpp(35): error C2065: “postorder”: 未声明的标识符
c:\users\13978\desktop\yaogit666\二叉搜索树的后序遍历序列\二叉搜索树的后序遍历序列\源.cpp(35): error C2065: “end”: 未声明的标识符
